<?xml version="1.0" encoding="UTF-8"?>
<!-- Generated by org.testng.reporters.JUnitReportReporter -->
<testsuite hostname="Shivay-PC" name="testCases.HybridExecuteTest" tests="10" failures="0" timestamp="12 Aug 2016 03:36:01 GMT" time="33.530" errors="0">
  <testcase name="testLogin" time="0.287" classname="testCases.HybridExecuteTest"/>
  <testcase name="testLogin" time="0.498" classname="testCases.HybridExecuteTest"/>
  <testcase name="testLogin" time="1.846" classname="testCases.HybridExecuteTest"/>
  <testcase name="testLogin" time="8.573" classname="testCases.HybridExecuteTest"/>
  <testcase name="testLogin" time="2.346" classname="testCases.HybridExecuteTest"/>
  <testcase name="testLogin" time="2.762" classname="testCases.HybridExecuteTest"/>
  <testcase name="testLogin" time="0.096" classname="testCases.HybridExecuteTest"/>
  <testcase name="testLogin" time="0.091" classname="testCases.HybridExecuteTest"/>
  <testcase name="testLogin" time="1.104" classname="testCases.HybridExecuteTest"/>
  <testcase name="testLogin" time="15.927" classname="testCases.HybridExecuteTest"/>
</testsuite> <!-- testCases.HybridExecuteTest -->
