<?xml version="1.0" encoding="UTF-8"?>
<!-- Generated by org.testng.reporters.JUnitReportReporter -->
<testsuite hostname="Shivay-PC" name="testCases.ExecuteTest" tests="1" failures="0" timestamp="12 Aug 2016 03:19:38 GMT" time="19.235" errors="0">
  <testcase name="testLogin" time="19.235" classname="testCases.ExecuteTest"/>
</testsuite> <!-- testCases.ExecuteTest -->
